c:\users\noa40\source\repos\שנה ב\מטלות\tetris new\q2\x64\debug\vc143.pdb
c:\users\noa40\source\repos\שנה ב\מטלות\tetris new\q2\x64\debug\vc143.idb
c:\users\noa40\source\repos\שנה ב\מטלות\tetris new\q2\x64\debug\tetrisgamecomputer.obj
c:\users\noa40\source\repos\שנה ב\מטלות\tetris new\q2\x64\debug\tetrisgame.obj
c:\users\noa40\source\repos\שנה ב\מטלות\tetris new\q2\x64\debug\tetrisboard.obj
c:\users\noa40\source\repos\שנה ב\מטלות\tetris new\q2\x64\debug\shape.obj
c:\users\noa40\source\repos\שנה ב\מטלות\tetris new\q2\x64\debug\point.obj
c:\users\noa40\source\repos\שנה ב\מטלות\tetris new\q2\x64\debug\player.obj
c:\users\noa40\source\repos\שנה ב\מטלות\tetris new\q2\x64\debug\oldtetrisgame.obj
c:\users\noa40\source\repos\שנה ב\מטלות\tetris new\q2\x64\debug\main.obj
c:\users\noa40\source\repos\שנה ב\מטלות\tetris new\q2\x64\debug\humanplayer.obj
c:\users\noa40\source\repos\שנה ב\מטלות\tetris new\q2\x64\debug\gameconfig.obj
c:\users\noa40\source\repos\שנה ב\מטלות\tetris new\q2\x64\debug\computer.obj
c:\users\noa40\source\repos\שנה ב\מטלות\tetris new\x64\debug\q2.pdb
c:\users\noa40\source\repos\שנה ב\מטלות\tetris new\q2\x64\debug\q2.tlog\cl.command.1.tlog
c:\users\noa40\source\repos\שנה ב\מטלות\tetris new\q2\x64\debug\q2.tlog\cl.read.1.tlog
c:\users\noa40\source\repos\שנה ב\מטלות\tetris new\q2\x64\debug\q2.tlog\cl.write.1.tlog
c:\users\noa40\source\repos\שנה ב\מטלות\tetris new\q2\x64\debug\q2.tlog\link-cvtres.read.1.tlog
c:\users\noa40\source\repos\שנה ב\מטלות\tetris new\q2\x64\debug\q2.tlog\link-cvtres.write.1.tlog
c:\users\noa40\source\repos\שנה ב\מטלות\tetris new\q2\x64\debug\q2.tlog\link-rc.read.1.tlog
c:\users\noa40\source\repos\שנה ב\מטלות\tetris new\q2\x64\debug\q2.tlog\link-rc.write.1.tlog
c:\users\noa40\source\repos\שנה ב\מטלות\tetris new\q2\x64\debug\q2.tlog\link.command.1.tlog
c:\users\noa40\source\repos\שנה ב\מטלות\tetris new\q2\x64\debug\q2.tlog\link.read.1.tlog
c:\users\noa40\source\repos\שנה ב\מטלות\tetris new\q2\x64\debug\q2.tlog\link.read.2.tlog
c:\users\noa40\source\repos\שנה ב\מטלות\tetris new\q2\x64\debug\q2.tlog\link.write.1.tlog
